<?xml version="1.0" encoding="UTF-8"?>
<!-- Generated by org.testng.reporters.JUnitReportReporter -->
<testsuite hostname="DESKTOP-3M1E4OE" failures="0" tests="1" name="testNg.erp.Test" time="0.005" errors="0" timestamp="12 Feb 2022 16:09:28 GMT">
  <testcase classname="testNg.erp.Test" name="test" time="0.005"/>
</testsuite> <!-- testNg.erp.Test -->
